0 info it worked if it ends with ok
1 verbose cli [ '/home/damisgarcia/.nvm/v0.11.14/bin/node',
1 verbose cli   '/home/damisgarcia/.nvm/v0.11.14/bin/npm',
1 verbose cli   'start' ]
2 info using npm@2.0.0
3 info using node@v0.11.14
4 verbose stack Error: ENOENT, open '/home/damisgarcia/projects/aedes-em-foco/_site/package.json'
4 verbose stack     at Error (native)
5 verbose cwd /home/damisgarcia/projects/aedes-em-foco/_site
6 error Linux 4.4.0-34-generic
7 error argv "/home/damisgarcia/.nvm/v0.11.14/bin/node" "/home/damisgarcia/.nvm/v0.11.14/bin/npm" "start"
8 error node v0.11.14
9 error npm  v2.0.0
10 error path /home/damisgarcia/projects/aedes-em-foco/_site/package.json
11 error code ENOENT
12 error errno -2
13 error ENOENT, open '/home/damisgarcia/projects/aedes-em-foco/_site/package.json'
14 error If you need help, you may report this error at:
14 error     <http://github.com/npm/npm/issues>
15 verbose exit [ -2, true ]
